<?xml version="1.0" encoding="UTF-8"?>
<!-- Generated by org.testng.reporters.JUnitXMLReporter -->
<testsuite hostname="arifasha" name="Test" tests="87" failures="0" timestamp="26 Apr 2018 18:18:45 GMT" time="1443.924" errors="0">
  <testcase name="@BeforeClass LoginToPwot" time="0.0" classname="com.pwot.qa.iteration1.TestAdminUser">
    <failure type="org.openqa.selenium.NoSuchElementException" message="Unable to locate element: {&amp;quot;method&amp;quot;:&amp;quot;name&amp;quot;,&amp;quot;selector&amp;quot;:&amp;quot;userid&amp;quot;}
Command duration or timeout: 31 milliseconds
For documentation on this error, please visit: http://seleniumhq.org/exceptions/no_such_element.html
Build info: version: &amp;apos;2.53.1&amp;apos;, revision: &amp;apos;a36b8b1cd5757287168e54b817830adce9b0158d&amp;apos;, time: &amp;apos;2016-06-30 19:26:09&amp;apos;
System info: host: &amp;apos;arifasha&amp;apos;, ip: &amp;apos;135.210.61.75&amp;apos;, os.name: &amp;apos;Windows 7&amp;apos;, os.arch: &amp;apos;amd64&amp;apos;, os.version: &amp;apos;6.1&amp;apos;, java.version: &amp;apos;1.8.0_121&amp;apos;
Driver info: org.openqa.selenium.firefox.FirefoxDriver
Capabilities [{applicationCacheEnabled=true, rotatable=false, handlesAlerts=true, databaseEnabled=true, version=34.0.5, platform=WINDOWS, nativeEvents=false, acceptSslCerts=true, webStorageEnabled=true, locationContextEnabled=true, browserName=firefox, takesScreenshot=true, javascriptEnabled=true, cssSelectorsEnabled=true}]
Session ID: 5628b97c-c0bf-4b33-9e1e-29ebb7889098
*** Element info: {Using=name, value=userid}">
      <![CDATA[org.openqa.selenium.NoSuchElementException: Unable to locate element: {"method":"name","selector":"userid"}
Command duration or timeout: 31 milliseconds
For documentation on this error, please visit: http://seleniumhq.org/exceptions/no_such_element.html
Build info: version: '2.53.1', revision: 'a36b8b1cd5757287168e54b817830adce9b0158d', time: '2016-06-30 19:26:09'
System info: host: 'arifasha', ip: '135.210.61.75', os.name: 'Windows 7', os.arch: 'amd64', os.version: '6.1', java.version: '1.8.0_121'
Driver info: org.openqa.selenium.firefox.FirefoxDriver
Capabilities [{applicationCacheEnabled=true, rotatable=false, handlesAlerts=true, databaseEnabled=true, version=34.0.5, platform=WINDOWS, nativeEvents=false, acceptSslCerts=true, webStorageEnabled=true, locationContextEnabled=true, browserName=firefox, takesScreenshot=true, javascriptEnabled=true, cssSelectorsEnabled=true}]
Session ID: 5628b97c-c0bf-4b33-9e1e-29ebb7889098
*** Element info: {Using=name, value=userid}
	at org.openqa.selenium.remote.ErrorHandler.createThrowable(ErrorHandler.java:206)
	at org.openqa.selenium.remote.ErrorHandler.throwIfResponseFailed(ErrorHandler.java:158)
	at org.openqa.selenium.remote.RemoteWebDriver.execute(RemoteWebDriver.java:678)
	at org.openqa.selenium.remote.RemoteWebDriver.findElement(RemoteWebDriver.java:363)
	at org.openqa.selenium.remote.RemoteWebDriver.findElementByName(RemoteWebDriver.java:461)
	at org.openqa.selenium.By$ByName.findElement(By.java:303)
	at org.openqa.selenium.remote.RemoteWebDriver.findElement(RemoteWebDriver.java:355)
	at com.pwot.qa.iteration1.CommonMethods.Login(CommonMethods.java:61)
	at com.pwot.qa.iteration1.TestAdminUser.LoginToPwot(TestAdminUser.java:27)
Caused by: org.openqa.selenium.NoSuchElementException: Unable to locate element: {"method":"name","selector":"userid"}
For documentation on this error, please visit: http://seleniumhq.org/exceptions/no_such_element.html
Build info: version: '2.53.1', revision: 'a36b8b1cd5757287168e54b817830adce9b0158d', time: '2016-06-30 19:26:09'
System info: host: 'arifasha', ip: '135.210.61.75', os.name: 'Windows 7', os.arch: 'amd64', os.version: '6.1', java.version: '1.8.0_121'
Driver info: driver.version: unknown
	at <anonymous class>.FirefoxDriver.prototype.findElementInternal_(file:///C:/windows/TEMP/anonymous5638274866986207683webdriver-profile/extensions/fxdriver@googlecode.com/components/driver-component.js:10770)
	at <anonymous class>.FirefoxDriver.prototype.findElement(file:///C:/windows/TEMP/anonymous5638274866986207683webdriver-profile/extensions/fxdriver@googlecode.com/components/driver-component.js:10779)
	at <anonymous class>.DelayedCommand.prototype.executeInternal_/h(file:///C:/windows/TEMP/anonymous5638274866986207683webdriver-profile/extensions/fxdriver@googlecode.com/components/command-processor.js:12661)
	at <anonymous class>.DelayedCommand.prototype.executeInternal_(file:///C:/windows/TEMP/anonymous5638274866986207683webdriver-profile/extensions/fxdriver@googlecode.com/components/command-processor.js:12666)
	at <anonymous class>.DelayedCommand.prototype.execute/<(file:///C:/windows/TEMP/anonymous5638274866986207683webdriver-profile/extensions/fxdriver@googlecode.com/components/command-processor.js:12608)
... Removed 27 stack frames]]>
    </failure>
  </testcase> <!-- @BeforeClass LoginToPwot -->
  <testcase name="@AfterClass aftertest" time="0.0" classname="com.pwot.qa.iteration1.TestAdminUser">
    <skipped/>
  </testcase> <!-- @AfterClass aftertest -->
  <testcase name="TestUserSelectionForAE" time="0.0" classname="com.pwot.qa.iteration1.TestAdminUser">
    <skipped/>
  </testcase> <!-- TestUserSelectionForAE -->
  <testcase name="ValidateLogoForAE" time="0.0" classname="com.pwot.qa.iteration1.TestAdminUser">
    <skipped/>
  </testcase> <!-- ValidateLogoForAE -->
  <testcase name="ValidateMessageDisplayedForAE" time="0.0" classname="com.pwot.qa.iteration1.TestAdminUser">
    <skipped/>
  </testcase> <!-- ValidateMessageDisplayedForAE -->
  <testcase name="ValidateMenuDisplayedForAEManager" time="0.0" classname="com.pwot.qa.iteration1.TestAdminUser">
    <skipped/>
  </testcase> <!-- ValidateMenuDisplayedForAEManager -->
  <testcase name="AE_ManagerInsertFunctionForAE" time="0.0" classname="com.pwot.qa.iteration1.TestAdminUser">
    <skipped/>
  </testcase> <!-- AE_ManagerInsertFunctionForAE -->
  <testcase name="ModifyFuctionalityForAE" time="0.0" classname="com.pwot.qa.iteration1.TestAdminUser">
    <skipped/>
  </testcase> <!-- ModifyFuctionalityForAE -->
  <testcase name="CopyFunctionalityForAE" time="0.0" classname="com.pwot.qa.iteration1.TestAdminUser">
    <skipped/>
  </testcase> <!-- CopyFunctionalityForAE -->
  <testcase name="NewButtonFunctionalityForAE" time="0.0" classname="com.pwot.qa.iteration1.TestAdminUser">
    <skipped/>
  </testcase> <!-- NewButtonFunctionalityForAE -->
  <testcase name="OutBoundMartrixForAE" time="0.0" classname="com.pwot.qa.iteration1.TestAdminUser">
    <skipped/>
  </testcase> <!-- OutBoundMartrixForAE -->
  <testcase name="UpdateAccount" time="0.0" classname="com.pwot.qa.iteration1.TestAdminUser">
    <skipped/>
  </testcase> <!-- UpdateAccount -->
  <testcase name="LoggedAsInfo" time="0.0" classname="com.pwot.qa.iteration1.TestAdminUser">
    <skipped/>
  </testcase> <!-- LoggedAsInfo -->
  <testcase name="TestUserSelectionForAE" time="10.296" classname="com.pwot.qa.iteration1.TestAeUser"/>
  <testcase name="ValidateLogoForAE" time="0.078" classname="com.pwot.qa.iteration1.TestAeUser"/>
  <testcase name="ValidateMessageDisplayedForAE" time="0.0" classname="com.pwot.qa.iteration1.TestAeUser"/>
  <testcase name="ValidateMenuDisplayedForAEManager" time="0.265" classname="com.pwot.qa.iteration1.TestAeUser"/>
  <testcase name="AE_ManagerInsertFunctionForAE" time="17.706" classname="com.pwot.qa.iteration1.TestAeUser"/>
  <testcase name="ModifyFuctionalityForAE" time="16.911" classname="com.pwot.qa.iteration1.TestAeUser"/>
  <testcase name="CopyFunctionalityForAE" time="13.182" classname="com.pwot.qa.iteration1.TestAeUser"/>
  <testcase name="NewButtonFunctionalityForAE" time="22.292" classname="com.pwot.qa.iteration1.TestAeUser"/>
  <testcase name="OutBoundMartrixForAE" time="21.528" classname="com.pwot.qa.iteration1.TestAeUser"/>
  <testcase name="UpdateAccount" time="32.947" classname="com.pwot.qa.iteration1.TestAeUser"/>
  <testcase name="LoggedAsInfo" time="0.047" classname="com.pwot.qa.iteration1.TestAeUser"/>
  <testcase name="TestUserSelectionForTc" time="5.538" classname="com.pwot.qa.iteration1.TestTcUser"/>
  <testcase name="ValidateLogoForTc" time="0.032" classname="com.pwot.qa.iteration1.TestTcUser"/>
  <testcase name="ValidateMessageDisplayedForTc" time="3.135" classname="com.pwot.qa.iteration1.TestTcUser"/>
  <testcase name="ValidateMenuDisplayedForTcManager" time="0.25" classname="com.pwot.qa.iteration1.TestTcUser"/>
  <testcase name="TC__ManagerInsertFunctionForTc" time="22.885" classname="com.pwot.qa.iteration1.TestTcUser"/>
  <testcase name="ModifyFuctionalityForTc" time="43.992" classname="com.pwot.qa.iteration1.TestTcUser"/>
  <testcase name="CopyFunctionalityForTc" time="16.708" classname="com.pwot.qa.iteration1.TestTcUser"/>
  <testcase name="NewButtonFunctionalityForTc" time="18.673" classname="com.pwot.qa.iteration1.TestTcUser"/>
  <testcase name="OutBoundMartrixForTc" time="13.525" classname="com.pwot.qa.iteration1.TestTcUser"/>
  <testcase name="UpdateAccount" time="27.877" classname="com.pwot.qa.iteration1.TestTcUser"/>
  <testcase name="LoggedAsInfo" time="0.078" classname="com.pwot.qa.iteration1.TestTcUser"/>
  <testcase name="TestUserSelectionForSdm" time="5.382" classname="com.pwot.qa.iteration1.TestSdmUser"/>
  <testcase name="ValidateLogoForSdm" time="0.031" classname="com.pwot.qa.iteration1.TestSdmUser"/>
  <testcase name="ValidateMessageDisplayedForSdm" time="0.483" classname="com.pwot.qa.iteration1.TestSdmUser"/>
  <testcase name="ValidateMenuDisplayedForSdmManager" time="0.266" classname="com.pwot.qa.iteration1.TestSdmUser"/>
  <testcase name="TC__ManagerInsertFunctionForSdm" time="18.408" classname="com.pwot.qa.iteration1.TestSdmUser"/>
  <testcase name="ModifyFuctionalityForSdm" time="31.13" classname="com.pwot.qa.iteration1.TestSdmUser"/>
  <testcase name="CopyFunctionalityForSdm" time="17.659" classname="com.pwot.qa.iteration1.TestSdmUser"/>
  <testcase name="NewButtonFunctionalityForSdm" time="29.469" classname="com.pwot.qa.iteration1.TestSdmUser"/>
  <testcase name="OutBoundMartrixForSdm" time="16.036" classname="com.pwot.qa.iteration1.TestSdmUser"/>
  <testcase name="UpdateAccount" time="32.807" classname="com.pwot.qa.iteration1.TestSdmUser"/>
  <testcase name="LoggedAsInfo" time="0.094" classname="com.pwot.qa.iteration1.TestSdmUser"/>
  <testcase name="TestUserSelectionForPro" time="5.71" classname="com.pwot.qa.iteration1.TestProvisioningUser"/>
  <testcase name="ValidateLogoForPro" time="0.015" classname="com.pwot.qa.iteration1.TestProvisioningUser"/>
  <testcase name="ValidateMessageDisplayedForPro" time="0.484" classname="com.pwot.qa.iteration1.TestProvisioningUser"/>
  <testcase name="ValidateMenuDisplayedForAEManagerForPro" time="0.328" classname="com.pwot.qa.iteration1.TestProvisioningUser"/>
  <testcase name="TC__ManagerInsertFunctionForPro" time="13.837" classname="com.pwot.qa.iteration1.TestProvisioningUser"/>
  <testcase name="ModifyFuctionalityForPro" time="27.035" classname="com.pwot.qa.iteration1.TestProvisioningUser"/>
  <testcase name="CopyFunctionalityForPro" time="26.863" classname="com.pwot.qa.iteration1.TestProvisioningUser"/>
  <testcase name="NewButtonFunctionalityForPro" time="46.55" classname="com.pwot.qa.iteration1.TestProvisioningUser"/>
  <testcase name="OutBoundMartrixForPro" time="66.987" classname="com.pwot.qa.iteration1.TestProvisioningUser"/>
  <testcase name="UpdateAccount" time="172.536" classname="com.pwot.qa.iteration1.TestProvisioningUser"/>
  <testcase name="LoggedAsInfo" time="0.219" classname="com.pwot.qa.iteration1.TestProvisioningUser"/>
  <testcase name="TestUserSelectionForOfc" time="6.224" classname="com.pwot.qa.iteration1.TestOfcUser"/>
  <testcase name="ValidateLogoForOfc" time="0.047" classname="com.pwot.qa.iteration1.TestOfcUser"/>
  <testcase name="ValidateMessageDisplayedForOfc" time="2.434" classname="com.pwot.qa.iteration1.TestOfcUser"/>
  <testcase name="ValidateMenuDisplayedForAEManagerForOfc" time="0.437" classname="com.pwot.qa.iteration1.TestOfcUser"/>
  <testcase name="OFC__ManagerInsertFunctionForOfc" time="14.601" classname="com.pwot.qa.iteration1.TestOfcUser"/>
  <testcase name="ModifyFuctionalityForOfc" time="21.154" classname="com.pwot.qa.iteration1.TestOfcUser"/>
  <testcase name="CopyFunctionalityForOfc" time="14.072" classname="com.pwot.qa.iteration1.TestOfcUser"/>
  <testcase name="NewButtonFunctionalityForOfc" time="22.698" classname="com.pwot.qa.iteration1.TestOfcUser"/>
  <testcase name="OutBoundMartrixForOfc" time="20.389" classname="com.pwot.qa.iteration1.TestOfcUser"/>
  <testcase name="UpdateAccount" time="64.459" classname="com.pwot.qa.iteration1.TestOfcUser"/>
  <testcase name="LoggedAsInfo" time="0.078" classname="com.pwot.qa.iteration1.TestOfcUser"/>
  <testcase name="TestUserSelectionForCu" time="6.755" classname="com.pwot.qa.iteration1.TestCustomerUser"/>
  <testcase name="ValidateLogoForCu" time="0.062" classname="com.pwot.qa.iteration1.TestCustomerUser"/>
  <testcase name="ValidateMessageDisplayedForCu" time="0.484" classname="com.pwot.qa.iteration1.TestCustomerUser"/>
  <testcase name="ValidateMenuDisplayedForCuManager" time="0.078" classname="com.pwot.qa.iteration1.TestCustomerUser"/>
  <testcase name="Customer_ManagerInsertFunctionalityForCu" time="14.679" classname="com.pwot.qa.iteration1.TestCustomerUser"/>
  <testcase name="ModifyFuctionalityForCu" time="26.333" classname="com.pwot.qa.iteration1.TestCustomerUser"/>
  <testcase name="CopyFunctionalityForCu" time="16.193" classname="com.pwot.qa.iteration1.TestCustomerUser"/>
  <testcase name="NewButtonFunctionalityForCu" time="25.32" classname="com.pwot.qa.iteration1.TestCustomerUser"/>
  <testcase name="UpdateAccount" time="26.988" classname="com.pwot.qa.iteration1.TestCustomerUser"/>
  <testcase name="LoggedAsInfo" time="0.047" classname="com.pwot.qa.iteration1.TestCustomerUser"/>
  <testcase name="TestUserSelectionForOthr" time="6.177" classname="com.pwot.qa.iteration1.TestOtherUser"/>
  <testcase name="ValidateLogoForOthr" time="0.016" classname="com.pwot.qa.iteration1.TestOtherUser"/>
  <testcase name="ValidateMessageDisplayedForOthr" time="0.483" classname="com.pwot.qa.iteration1.TestOtherUser"/>
  <testcase name="ValidateMenuDisplayedForAEManagerForOthr" time="0.25" classname="com.pwot.qa.iteration1.TestOtherUser"/>
  <testcase name="AE_ManagerInsertFunctionForOthr" time="17.425" classname="com.pwot.qa.iteration1.TestOtherUser"/>
  <testcase name="ModifyFuctionalityForOthr" time="19.329" classname="com.pwot.qa.iteration1.TestOtherUser"/>
  <testcase name="CopyFunctionalityForOthr" time="14.149" classname="com.pwot.qa.iteration1.TestOtherUser"/>
  <testcase name="NewButtonFunctionalityForOthr" time="24.851" classname="com.pwot.qa.iteration1.TestOtherUser"/>
  <testcase name="OutBoundMartrixForOthr" time="10.935" classname="com.pwot.qa.iteration1.TestOtherUser"/>
  <testcase name="UpdateAccount" time="28.86" classname="com.pwot.qa.iteration1.TestOtherUser"/>
  <testcase name="LoggedAsInfo" time="0.047" classname="com.pwot.qa.iteration1.TestOtherUser"/>
</testsuite> <!-- Test -->
