<?xml version="1.0" encoding="UTF-8"?>
<!-- Generated by org.testng.reporters.JUnitXMLReporter -->
<testsuite hostname="arifasha" name="Default test" tests="11" failures="0" timestamp="26 Apr 2018 17:45:31 GMT" time="216.387" errors="0">
  <testcase name="TestUserSelectionForTc" time="6.302" classname="com.pwot.qa.iteration1.TestTcUser"/>
  <testcase name="ValidateLogoForTc" time="0.047" classname="com.pwot.qa.iteration1.TestTcUser"/>
  <testcase name="ValidateMessageDisplayedForTc" time="0.516" classname="com.pwot.qa.iteration1.TestTcUser"/>
  <testcase name="ValidateMenuDisplayedForTcManager" time="0.343" classname="com.pwot.qa.iteration1.TestTcUser"/>
  <testcase name="TC__ManagerInsertFunctionForTc" time="23.769" classname="com.pwot.qa.iteration1.TestTcUser"/>
  <testcase name="ModifyFuctionalityForTc" time="18.674" classname="com.pwot.qa.iteration1.TestTcUser"/>
  <testcase name="CopyFunctionalityForTc" time="17.051" classname="com.pwot.qa.iteration1.TestTcUser"/>
  <testcase name="NewButtonFunctionalityForTc" time="27.971" classname="com.pwot.qa.iteration1.TestTcUser"/>
  <testcase name="OutBoundMartrixForTc" time="27.846" classname="com.pwot.qa.iteration1.TestTcUser"/>
  <testcase name="UpdateAccount" time="65.427" classname="com.pwot.qa.iteration1.TestTcUser"/>
  <testcase name="LoggedAsInfo" time="0.062" classname="com.pwot.qa.iteration1.TestTcUser"/>
</testsuite> <!-- Default test -->
